<?xml version="1.0" encoding="UTF-8"?>
<testng-results skipped="0" failed="0" total="0" passed="0">
  <reporter-output>
  </reporter-output>
  <suite name="eu.restcountries.restservices.core.CountryBaseTest" duration-ms="2" started-at="2020-05-12T19:04:23Z" finished-at="2020-05-12T19:04:23Z">
    <groups>
    </groups>
    <test name="Command line test" duration-ms="2" started-at="2020-05-12T19:04:23Z" finished-at="2020-05-12T19:04:23Z">
    </test> <!-- Command line test -->
  </suite> <!-- eu.restcountries.restservices.core.CountryBaseTest -->
</testng-results>
